<?xml version="1.0" encoding="UTF-8"?>
<!-- Generated by org.testng.reporters.JUnitReportReporter -->
<testsuite hostname="Anil" failures="0" tests="3" name="TestNG_Basics.TestNG_Basics" time="0.012" errors="0" timestamp="2021-04-19T17:35:59 IST" skipped="0">
  <testcase classname="TestNG_Basics.TestNG_Basics" name="lunchBr0" time="0.004"/>
  <system-out/>
  <testcase classname="TestNG_Basics.TestNG_Basics" name="lunchBr" time="0.004"/>
  <system-out/>
  <testcase classname="TestNG_Basics.TestNG_Basics" name="lunchBr1" time="0.004"/>
  <system-out/>
</testsuite> <!-- TestNG_Basics.TestNG_Basics -->
